<?xml version="1.0" encoding="UTF-8"?>
<!-- Generated by org.testng.reporters.JUnitReportReporter -->
<testsuite hostname="LAPTOP-HEAMS8JP" failures="0" tests="8" name="api.test.DDTests" time="9.084" errors="0" timestamp="2023-04-18T16:32:09 IST" skipped="0">
  <testcase classname="api.test.DDTests" name="testPostuser" time="1.157"/>
  <system-out/>
  <testcase classname="api.test.DDTests" name="testPostuser" time="1.119"/>
  <system-out/>
  <testcase classname="api.test.DDTests" name="testPostuser" time="1.160"/>
  <system-out/>
  <testcase classname="api.test.DDTests" name="testPostuser" time="1.133"/>
  <system-out/>
  <testcase classname="api.test.DDTests" name="testDeleteUserByName" time="1.131"/>
  <system-out/>
  <testcase classname="api.test.DDTests" name="testDeleteUserByName" time="1.129"/>
  <system-out/>
  <testcase classname="api.test.DDTests" name="testDeleteUserByName" time="1.144"/>
  <system-out/>
  <testcase classname="api.test.DDTests" name="testDeleteUserByName" time="1.111"/>
  <system-out/>
</testsuite> <!-- api.test.DDTests -->
