<?xml version="1.0" encoding="UTF-8"?>
<!-- Generated by org.testng.reporters.JUnitReportReporter -->
<testsuite hostname="LAPTOP-HEAMS8JP" failures="0" tests="4" name="api.test.UserTests2" time="6.555" errors="0" timestamp="2023-04-20T22:11:14 IST" skipped="0">
  <testcase classname="api.test.UserTests2" name="testPostUser" time="2.203"/>
  <system-out/>
  <testcase classname="api.test.UserTests2" name="testGetUserByName" time="1.156"/>
  <system-out/>
  <testcase classname="api.test.UserTests2" name="testUpdatedUserByName" time="2.156"/>
  <system-out/>
  <testcase classname="api.test.UserTests2" name="testDeleteUserByName" time="1.040"/>
  <system-out/>
</testsuite> <!-- api.test.UserTests2 -->
