<?xml version="1.0" encoding="UTF-8"?>
<!-- Generated by org.testng.reporters.JUnitReportReporter -->
<testsuite hostname="LAPTOP-HEAMS8JP" failures="0" tests="4" name="api.test.UserTests" time="7.006" errors="0" timestamp="2023-04-18T16:32:09 IST" skipped="0">
  <testcase classname="api.test.UserTests" name="testPostUser" time="2.411"/>
  <system-out/>
  <testcase classname="api.test.UserTests" name="testGetUserByName" time="1.161"/>
  <system-out/>
  <testcase classname="api.test.UserTests" name="testUpdatedUserByName" time="2.288"/>
  <system-out/>
  <testcase classname="api.test.UserTests" name="testDeleteUserByName" time="1.146"/>
  <system-out/>
</testsuite> <!-- api.test.UserTests -->
