<?xml version="1.0" encoding="UTF-8"?>
<!-- Generated by org.testng.reporters.JUnitReportReporter -->
<testsuite hostname="LAPTOP-HEAMS8JP" name="api.test.UserTests2" tests="4" failures="0" timestamp="24 Apr 2023 05:48:46 GMT" time="7.817" errors="0">
  <testcase name="testGetUserByName" time="1.371" classname="api.test.UserTests2"/>
  <testcase name="testUpdatedUserByName" time="2.722" classname="api.test.UserTests2"/>
  <testcase name="testDeleteUserByName" time="1.321" classname="api.test.UserTests2"/>
  <testcase name="testPostUser" time="2.403" classname="api.test.UserTests2"/>
</testsuite> <!-- api.test.UserTests2 -->
